<?xml version="1.0" encoding="UTF-8"?>
<!-- Generated by org.testng.reporters.JUnitReportReporter -->
<testsuite hostname="Philips-Mini.home" failures="0" tests="1" name="com.InternetBanking.testCases.TC_EditCustomerDetailsTest_004" time="8.464" errors="0" timestamp="09 Nov 2020 14:36:49 GMT" skipped="0">
  <testcase classname="com.InternetBanking.testCases.TC_EditCustomerDetailsTest_004" name="EditCustomerDetailsTests" time="8.464"/>
</testsuite> <!-- com.InternetBanking.testCases.TC_EditCustomerDetailsTest_004 -->
