<?xml version="1.0" encoding="UTF-8"?>
<!-- Generated by org.testng.reporters.JUnitReportReporter -->
<testsuite hostname="Philips-Mini.home" failures="0" tests="1" name="com.InternetBanking.testCases.TC_AddCustomer_003" time="4.620" errors="0" timestamp="10 Nov 2020 15:11:26 GMT" skipped="0">
  <testcase classname="com.InternetBanking.testCases.TC_AddCustomer_003" name="addCustomerTest" time="4.620"/>
</testsuite> <!-- com.InternetBanking.testCases.TC_AddCustomer_003 -->
